<html>
<head>
<title>TestNG:  Default test</title>
<link href="../testng.css" rel="stylesheet" type="text/css" />
<link href="../my-testng.css" rel="stylesheet" type="text/css" />

<style type="text/css">
.log { display: none;} 
.stack-trace { display: none;} 
</style>
<script type="text/javascript">
<!--
function flip(e) {
  current = e.style.display;
  if (current == 'block') {
    e.style.display = 'none';
    return 0;
  }
  else {
    e.style.display = 'block';
    return 1;
  }
}

function toggleBox(szDivId, elem, msg1, msg2)
{
  var res = -1;  if (document.getElementById) {
    res = flip(document.getElementById(szDivId));
  }
  else if (document.all) {
    // this is the way old msie versions work
    res = flip(document.all[szDivId]);
  }
  if(elem) {
    if(res == 0) elem.innerHTML = msg1; else elem.innerHTML = msg2;
  }

}

function toggleAllBoxes() {
  if (document.getElementsByTagName) {
    d = document.getElementsByTagName('div');
    for (i = 0; i < d.length; i++) {
      if (d[i].className == 'log') {
        flip(d[i]);
      }
    }
  }
}

// -->
</script>

</head>
<body>
<h2 align='center'>Default test</h2><table border='1' align="center">
<tr>
<td>Tests passed/Failed/Skipped:</td><td>2/1/0</td>
</tr><tr>
<td>Started on:</td><td>Wed Dec 04 18:31:16 IST 2019</td>
</tr>
<tr><td>Total time:</td><td>16 seconds (16601 ms)</td>
</tr><tr>
<td>Included groups:</td><td></td>
</tr><tr>
<td>Excluded groups:</td><td></td>
</tr>
</table><p/>
<small><i>(Hover the method name to see the test class name)</i></small><p/>
<table width='100%' border='1' class='invocation-failed'>
<tr><td colspan='4' align='center'><b>FAILED TESTS</b></td></tr>
<tr><td><b>Test method</b></td>
<td width="30%"><b>Exception</b></td>
<td width="10%"><b>Time (seconds)</b></td>
<td><b>Instance</b></td>
</tr>
<tr>
<td title='au.wow.WLPmain.tests.WeeklyPlanning_ZoneManagerApprovalTest.GroupManagerApproval()'><b>GroupManagerApproval</b><br>Test class: au.wow.WLPmain.tests.WeeklyPlanning_ZoneManagerApprovalTest<br/>
<a href="#Output-8136897" onClick='toggleBox("Output-8136897", this, "Show output", "Hide output");'>Show output</a>

<a href="#Output-8136897" onClick="toggleAllBoxes();">Show all outputs</a>
<div class='log' id="Output-8136897">
<a href='C:\Automation\19.11.1990\WLPProject\test-output\screenshots\GroupManagerApproval.jpg'><font color='red'>Link</font></a><br/>
</div>
</td>
<td><div><pre>org.openqa.selenium.NoSuchElementException: The element: roxy element for: DefaultElementLocator &apos;By.xpath: //*[@id=&apos;frmDetails:ctrStorePlanningDetailsTable:cboLocation&apos; could not be found
For documentation on this error, please visit: http://seleniumhq.org/exceptions/no_such_element.html
Build info: version: &apos;2.53.0&apos;, revision: &apos;35ae25b&apos;, time: &apos;2016-03-15 16:57:40&apos;
System info: host: &apos;NCDWIN7PXD05111&apos;, ip: &apos;10.168.232.205&apos;, os.name: &apos;Windows 7&apos;, os.arch: &apos;amd64&apos;, os.version: &apos;6.1&apos;, java.version: &apos;1.8.0_131&apos;
Driver info: driver.version: unknown
	at au.wow.wlp.utils.CustomException.exceptionHandler(CustomException.java:38)
	at au.wow.wlp.utils.CustomException.&lt;init&gt;(CustomException.java:23)
	at au.wow.wlp.utils.BasePage.selectByVisibleText(BasePage.java:762)
	at au.wow.WLPmain.tests.WeeklyPlanning_ZoneManagerApprovalTest.GroupManagerApproval(WeeklyPlanning_ZoneManagerApprovalTest.java:111)
	at sun.reflect.NativeMethodAccessorImpl.invoke0(Native Method)
	at sun.reflect.NativeMethodAccessorImpl.invoke(Unknown Source)
	at sun.reflect.DelegatingMethodAccessorImpl.invoke(Unknown Source)
	at java.lang.reflect.Method.invoke(Unknown Source)
	at org.testng.internal.MethodInvocationHelper.invokeMethod(MethodInvocationHelper.java:85)
	at org.testng.internal.Invoker.invokeMethod(Invoker.java:639)
	at org.testng.internal.Invoker.invokeTestMethod(Invoker.java:816)
	at org.testng.internal.Invoker.invokeTestMethods(Invoker.java:1124)
	at org.testng.internal.TestMethodWorker.invokeTestMethods(TestMethodWorker.java:125)
	at org.testng.internal.TestMethodWorker.run(TestMethodWorker.java:108)
	at org.testng.TestRunner.privateRun(TestRunner.java:774)
	at org.testng.TestRunner.run(TestRunner.java:624)
	at org.testng.SuiteRunner.runTest(SuiteRunner.java:359)
	at org.testng.SuiteRunner.runSequentially(SuiteRunner.java:354)
	at org.testng.SuiteRunner.privateRun(SuiteRunner.java:312)
	at org.testng.SuiteRunner.run(SuiteRunner.java:261)
	at org.testng.SuiteRunnerWorker.runSuite(SuiteRunnerWorker.java:52)
	at org.testng.SuiteRunnerWorker.run(SuiteRunnerWorker.java:86)
	at org.testng.TestNG.runSuitesSequentially(TestNG.java:1215)
	at org.testng.TestNG.runSuitesLocally(TestNG.java:1140)
	at org.testng.TestNG.run(TestNG.java:1048)
	at org.testng.remote.AbstractRemoteTestNG.run(AbstractRemoteTestNG.java:115)
	at org.testng.remote.RemoteTestNG.initAndRun(RemoteTestNG.java:251)
	at org.testng.remote.RemoteTestNG.main(RemoteTestNG.java:77)
</pre></div><a href='#' onClick='toggleBox("stack-trace8136897", this, "Click to show all stack frames", "Click to hide stack frames")'>Click to show all stack frames</a>
<div class='stack-trace' id='stack-trace8136897'><pre>org.openqa.selenium.NoSuchElementException: The element: roxy element for: DefaultElementLocator &apos;By.xpath: //*[@id=&apos;frmDetails:ctrStorePlanningDetailsTable:cboLocation&apos; could not be found
For documentation on this error, please visit: http://seleniumhq.org/exceptions/no_such_element.html
Build info: version: &apos;2.53.0&apos;, revision: &apos;35ae25b&apos;, time: &apos;2016-03-15 16:57:40&apos;
System info: host: &apos;NCDWIN7PXD05111&apos;, ip: &apos;10.168.232.205&apos;, os.name: &apos;Windows 7&apos;, os.arch: &apos;amd64&apos;, os.version: &apos;6.1&apos;, java.version: &apos;1.8.0_131&apos;
Driver info: driver.version: unknown
	at au.wow.wlp.utils.CustomException.exceptionHandler(CustomException.java:38)
	at au.wow.wlp.utils.CustomException.&lt;init&gt;(CustomException.java:23)
	at au.wow.wlp.utils.BasePage.selectByVisibleText(BasePage.java:762)
	at au.wow.WLPmain.tests.WeeklyPlanning_ZoneManagerApprovalTest.GroupManagerApproval(WeeklyPlanning_ZoneManagerApprovalTest.java:111)
	at sun.reflect.NativeMethodAccessorImpl.invoke0(Native Method)
	at sun.reflect.NativeMethodAccessorImpl.invoke(Unknown Source)
	at sun.reflect.DelegatingMethodAccessorImpl.invoke(Unknown Source)
	at java.lang.reflect.Method.invoke(Unknown Source)
	at org.testng.internal.MethodInvocationHelper.invokeMethod(MethodInvocationHelper.java:85)
	at org.testng.internal.Invoker.invokeMethod(Invoker.java:639)
	at org.testng.internal.Invoker.invokeTestMethod(Invoker.java:816)
	at org.testng.internal.Invoker.invokeTestMethods(Invoker.java:1124)
	at org.testng.internal.TestMethodWorker.invokeTestMethods(TestMethodWorker.java:125)
	at org.testng.internal.TestMethodWorker.run(TestMethodWorker.java:108)
	at org.testng.TestRunner.privateRun(TestRunner.java:774)
	at org.testng.TestRunner.run(TestRunner.java:624)
	at org.testng.SuiteRunner.runTest(SuiteRunner.java:359)
	at org.testng.SuiteRunner.runSequentially(SuiteRunner.java:354)
	at org.testng.SuiteRunner.privateRun(SuiteRunner.java:312)
	at org.testng.SuiteRunner.run(SuiteRunner.java:261)
	at org.testng.SuiteRunnerWorker.runSuite(SuiteRunnerWorker.java:52)
	at org.testng.SuiteRunnerWorker.run(SuiteRunnerWorker.java:86)
	at org.testng.TestNG.runSuitesSequentially(TestNG.java:1215)
	at org.testng.TestNG.runSuitesLocally(TestNG.java:1140)
	at org.testng.TestNG.run(TestNG.java:1048)
	at org.testng.remote.AbstractRemoteTestNG.run(AbstractRemoteTestNG.java:115)
	at org.testng.remote.RemoteTestNG.initAndRun(RemoteTestNG.java:251)
	at org.testng.remote.RemoteTestNG.main(RemoteTestNG.java:77)
</pre></div></td>
<td>3</td>
<td>au.wow.WLPmain.tests.WeeklyPlanning_ZoneManagerApprovalTest@68e5eea7</td></tr>
</table><p>
<table width='100%' border='1' class='invocation-passed'>
<tr><td colspan='4' align='center'><b>PASSED TESTS</b></td></tr>
<tr><td><b>Test method</b></td>
<td width="30%"><b>Exception</b></td>
<td width="10%"><b>Time (seconds)</b></td>
<td><b>Instance</b></td>
</tr>
<tr>
<td title='au.wow.WLPmain.tests.WeeklyPlanning_ZoneManagerApprovalTest.LogintoCLRApplication()'><b>LogintoCLRApplication</b><br>Test class: au.wow.WLPmain.tests.WeeklyPlanning_ZoneManagerApprovalTest</td>
<td></td>
<td>3</td>
<td>au.wow.WLPmain.tests.WeeklyPlanning_ZoneManagerApprovalTest@68e5eea7</td></tr>
<tr>
<td title='au.wow.WLPmain.tests.WeeklyPlanning_ZoneManagerApprovalTest.LogoutCLRApplication()'><b>LogoutCLRApplication</b><br>Test class: au.wow.WLPmain.tests.WeeklyPlanning_ZoneManagerApprovalTest</td>
<td></td>
<td>2</td>
<td>au.wow.WLPmain.tests.WeeklyPlanning_ZoneManagerApprovalTest@68e5eea7</td></tr>
</table><p>
</body>
</html>