<?xml version="1.0" encoding="UTF-8"?>
<!-- Generated by org.testng.reporters.JUnitXMLReporter -->
<testsuite hostname="NCDWIN7PXD05111" name="Default test" tests="3" failures="1" timestamp="27 Nov 2019 16:30:40 GMT" time="160.988" errors="0">
  <testcase name="LogintoCLRApplication" time="6.637" classname="au.wow.WLPmain.tests.WeeklyPlanning_GroupManagerApprovalTest"/>
  <testcase name="GroupManagerApproval" time="144.348" classname="au.wow.WLPmain.tests.WeeklyPlanning_GroupManagerApprovalTest">
    <failure type="org.openqa.selenium.NoSuchElementException" message="The element: roxy element for: DefaultElementLocator &amp;apos;By.xpath: //*[@id=&amp;apos;frmDetails:ctrStorePlanningDetailsTable:dynamic:colOrgDesc&amp;apos; and style=&amp;apos;color: red&amp;apos;] could not be found
For documentation on this error, please visit: http://seleniumhq.org/exceptions/no_such_element.html
Build info: version: &amp;apos;2.53.0&amp;apos;, revision: &amp;apos;35ae25b&amp;apos;, time: &amp;apos;2016-03-15 16:57:40&amp;apos;
System info: host: &amp;apos;NCDWIN7PXD05111&amp;apos;, ip: &amp;apos;10.168.232.205&amp;apos;, os.name: &amp;apos;Windows 7&amp;apos;, os.arch: &amp;apos;amd64&amp;apos;, os.version: &amp;apos;6.1&amp;apos;, java.version: &amp;apos;1.8.0_131&amp;apos;
Driver info: driver.version: unknown">
      <![CDATA[org.openqa.selenium.NoSuchElementException: The element: roxy element for: DefaultElementLocator 'By.xpath: //*[@id='frmDetails:ctrStorePlanningDetailsTable:dynamic:colOrgDesc' and style='color: red'] could not be found
For documentation on this error, please visit: http://seleniumhq.org/exceptions/no_such_element.html
Build info: version: '2.53.0', revision: '35ae25b', time: '2016-03-15 16:57:40'
System info: host: 'NCDWIN7PXD05111', ip: '10.168.232.205', os.name: 'Windows 7', os.arch: 'amd64', os.version: '6.1', java.version: '1.8.0_131'
Driver info: driver.version: unknown
	at au.wow.wlp.utils.CustomException.exceptionHandler(CustomException.java:38)
	at au.wow.wlp.utils.CustomException.<init>(CustomException.java:23)
	at au.wow.wlp.utils.BasePage.isDisplayed(BasePage.java:890)
	at au.wow.WLPmain.tests.WeeklyPlanning_GroupManagerApprovalTest.GroupManagerApproval(WeeklyPlanning_GroupManagerApprovalTest.java:225)
	at sun.reflect.NativeMethodAccessorImpl.invoke0(Native Method)
	at sun.reflect.NativeMethodAccessorImpl.invoke(Unknown Source)
	at sun.reflect.DelegatingMethodAccessorImpl.invoke(Unknown Source)
	at java.lang.reflect.Method.invoke(Unknown Source)
	at org.testng.internal.MethodInvocationHelper.invokeMethod(MethodInvocationHelper.java:85)
	at org.testng.internal.Invoker.invokeMethod(Invoker.java:639)
	at org.testng.internal.Invoker.invokeTestMethod(Invoker.java:816)
	at org.testng.internal.Invoker.invokeTestMethods(Invoker.java:1124)
	at org.testng.internal.TestMethodWorker.invokeTestMethods(TestMethodWorker.java:125)
	at org.testng.internal.TestMethodWorker.run(TestMethodWorker.java:108)
	at org.testng.TestRunner.privateRun(TestRunner.java:774)
	at org.testng.TestRunner.run(TestRunner.java:624)
	at org.testng.SuiteRunner.runTest(SuiteRunner.java:359)
	at org.testng.SuiteRunner.runSequentially(SuiteRunner.java:354)
	at org.testng.SuiteRunner.privateRun(SuiteRunner.java:312)
	at org.testng.SuiteRunner.run(SuiteRunner.java:261)
	at org.testng.SuiteRunnerWorker.runSuite(SuiteRunnerWorker.java:52)
	at org.testng.SuiteRunnerWorker.run(SuiteRunnerWorker.java:86)
	at org.testng.TestNG.runSuitesSequentially(TestNG.java:1215)
	at org.testng.TestNG.runSuitesLocally(TestNG.java:1140)
	at org.testng.TestNG.run(TestNG.java:1048)
	at org.testng.remote.AbstractRemoteTestNG.run(AbstractRemoteTestNG.java:115)
	at org.testng.remote.RemoteTestNG.initAndRun(RemoteTestNG.java:251)
	at org.testng.remote.RemoteTestNG.main(RemoteTestNG.java:77)
]]>
    </failure>
  </testcase> <!-- GroupManagerApproval -->
  <testcase name="LogoutCLRApplication" time="1.739" classname="au.wow.WLPmain.tests.WeeklyPlanning_GroupManagerApprovalTest"/>
</testsuite> <!-- Default test -->
